2025-07-29 03:26:04 [INFO] 🟢 Data-Fetcher gestartet
2025-07-29 03:26:04 [ERROR] config/tasks.json: Erwartet Liste von Tasks.
2025-07-29 03:30:42 [INFO] 🟢 Data-Fetcher gestartet
2025-07-29 03:30:42 [INFO] Starte Abruf: import_AAPL_local (AAPL) → file://C:/Users/shaba/OneDrive/Anlagen/robust_lab/data/AAPL.csv
2025-07-29 03:30:42 [WARNING] import_AAPL_local: Antwort sehr klein (87 Bytes) – Verdacht auf unvollständige Daten.
2025-07-29 03:30:42 [INFO] import_AAPL_local: 1 Datenzeilen empfangen.
2025-07-29 03:30:42 [INFO] Abschluss: import_AAPL_local (AAPL)
2025-07-29 03:30:42 [INFO] Task deaktiviert: import_MSFT_http
2025-07-29 03:30:42 [INFO] ✅ Data-Fetcher abgeschlossen
2025-07-29 16:40:38 [INFO] 🟢 Data-Fetcher gestartet
2025-07-29 16:40:38 [INFO] Starte Abruf: import_AAPL_local (AAPL) → file://C:/Users/shaba/OneDrive/Anlagen/robust_lab/data/AAPL.csv
2025-07-29 16:40:38 [WARNING] import_AAPL_local: Antwort sehr klein (87 Bytes) – Verdacht auf unvollständige Daten.
2025-07-29 16:40:38 [INFO] import_AAPL_local: 1 Datenzeilen empfangen.
2025-07-29 16:40:38 [INFO] Abschluss: import_AAPL_local (AAPL)
2025-07-29 16:40:38 [INFO] Task deaktiviert: import_MSFT_http
2025-07-29 16:40:38 [INFO] ✅ Data-Fetcher abgeschlossen
2025-07-29 16:40:54 [INFO] 🟢 Data-Fetcher gestartet
2025-07-29 16:40:54 [INFO] Starte Abruf: import_AAPL_local (AAPL) → file://C:/Users/shaba/OneDrive/Anlagen/robust_lab/data/AAPL.csv
2025-07-29 16:40:54 [WARNING] import_AAPL_local: Antwort sehr klein (87 Bytes) – Verdacht auf unvollständige Daten.
2025-07-29 16:40:54 [INFO] import_AAPL_local: 1 Datenzeilen empfangen.
2025-07-29 16:40:54 [INFO] Abschluss: import_AAPL_local (AAPL)
2025-07-29 16:40:54 [INFO] Task deaktiviert: import_MSFT_http
2025-07-29 16:40:54 [INFO] ✅ Data-Fetcher abgeschlossen
2025-07-29 16:43:48 [INFO] 🟢 Data-Fetcher gestartet
2025-07-29 16:43:48 [INFO] Starte Abruf: import_AAPL_local (AAPL) → file://C:/Users/shaba/OneDrive/Anlagen/robust_lab/data/AAPL.csv
2025-07-29 16:43:48 [WARNING] import_AAPL_local: Antwort sehr klein (87 Bytes) – Verdacht auf unvollständige Daten.
2025-07-29 16:43:48 [INFO] import_AAPL_local: 1 Datenzeilen empfangen.
2025-07-29 16:43:48 [INFO] Abschluss: import_AAPL_local (AAPL)
2025-07-29 16:43:48 [INFO] Task deaktiviert: import_MSFT_http
2025-07-29 16:43:48 [INFO] ✅ Data-Fetcher abgeschlossen: 2/2 erfolgreich
2025-07-29 16:50:09 [INFO] 🟢 Data-Fetcher gestartet
2025-07-29 16:50:09 [INFO] Starte Abruf: import_AAPL_local (AAPL) → file://data/AAPL.csv
2025-07-29 16:50:09 [WARNING] import_AAPL_local: Antwort sehr klein (87 Bytes) – Verdacht auf unvollständige Daten.
2025-07-29 16:50:09 [INFO] import_AAPL_local: 1 Datenzeilen empfangen.
2025-07-29 16:50:09 [INFO] Abschluss: import_AAPL_local (AAPL)
2025-07-29 16:50:09 [INFO] Task deaktiviert: import_MSFT_http
2025-07-29 16:50:09 [INFO] Task deaktiviert: import_FAKE_404
2025-07-29 16:50:09 [INFO] ✅ Data-Fetcher abgeschlossen: 3/3 erfolgreich
2025-07-29 17:04:53 [INFO] 🟢 Data-Fetcher gestartet
2025-07-29 17:06:27 [INFO] 🟢 Data-Fetcher gestartet
2025-07-29 17:06:27 [INFO] Starte Abruf: import_AAPL_local (AAPL) → file://data/AAPL.csv
2025-07-29 17:06:27 [WARNING] import_AAPL_local: Antwort sehr klein (87 Bytes) – Verdacht auf unvollständige Daten.
2025-07-29 17:06:27 [INFO] import_AAPL_local: 1 Datenzeilen empfangen.
2025-07-29 17:06:27 [INFO] Abschluss: import_AAPL_local (AAPL)
2025-07-29 17:06:27 [INFO] Task deaktiviert: import_MSFT_http
2025-07-29 17:06:27 [INFO] Task deaktiviert: import_FAKE_404
2025-07-29 17:06:27 [INFO] ✅ Data-Fetcher abgeschlossen: 3/3 erfolgreich
2025-07-29 17:07:43 [INFO] 🟢 Data-Fetcher gestartet
2025-07-29 17:12:29 [INFO] 🟢 Data-Fetcher gestartet
2025-07-29 17:18:59 [INFO] 🟢 Data-Fetcher gestartet
2025-07-29 17:23:01 [INFO] 🟢 Data-Fetcher gestartet
2025-07-29 17:26:16 [INFO] 🟢 Data-Fetcher gestartet
2025-07-29 17:28:56 [INFO] 🟢 Data-Fetcher gestartet
2025-07-29 17:28:56 [INFO] Starte Abruf: import_AAPL_local (AAPL) → file://data/AAPL.csv
2025-07-29 17:28:56 [WARNING] import_AAPL_local: Antwort sehr klein (87 Bytes) – Verdacht auf unvollständige Daten.
2025-07-29 17:28:56 [INFO] import_AAPL_local: 1 Datenzeilen empfangen.
2025-07-29 17:28:56 [INFO] Abschluss: import_AAPL_local (AAPL)
2025-07-29 17:28:56 [INFO] Task deaktiviert: import_MSFT_http
2025-07-29 17:28:56 [INFO] Task deaktiviert: import_FAKE_404
2025-07-29 17:28:56 [INFO] ✅ Data-Fetcher abgeschlossen: 3/3 erfolgreich
2025-07-29 17:31:13 [INFO] 🟢 Data-Fetcher gestartet
2025-07-29 17:31:13 [INFO] Starte Abruf: import_AAPL_local (AAPL) → file://data/AAPL.csv
2025-07-29 17:31:13 [WARNING] import_AAPL_local: Antwort sehr klein (87 Bytes) – Verdacht auf unvollständige Daten.
2025-07-29 17:31:13 [INFO] import_AAPL_local: 1 Datenzeilen empfangen.
2025-07-29 17:31:13 [INFO] Abschluss: import_AAPL_local (AAPL)
2025-07-29 17:31:13 [INFO] Task deaktiviert: import_MSFT_http
2025-07-29 17:31:13 [INFO] Task deaktiviert: import_FAKE_404
2025-07-29 17:31:13 [INFO] ✅ Data-Fetcher abgeschlossen: 3/3 erfolgreich
2025-07-29 17:34:20 [INFO] 🟢 Data-Fetcher gestartet
2025-07-29 17:34:20 [INFO] Starte Abruf: import_AAPL_local (AAPL) → file://data/AAPL.csv
2025-07-29 17:34:20 [WARNING] import_AAPL_local: Antwort sehr klein (87 Bytes) – Verdacht auf unvollständige Daten.
2025-07-29 17:34:20 [INFO] import_AAPL_local: 1 Datenzeilen empfangen.
2025-07-29 17:34:20 [INFO] Abschluss: import_AAPL_local (AAPL)
2025-07-29 17:34:20 [INFO] Task deaktiviert: import_MSFT_http
2025-07-29 17:34:20 [INFO] Task deaktiviert: import_FAKE_404
2025-07-29 17:34:20 [INFO] ✅ Data-Fetcher abgeschlossen: 3/3 erfolgreich
2025-07-29 17:34:57 [INFO] 🟢 Data-Fetcher gestartet
2025-07-29 17:34:57 [INFO] Starte Abruf: import_AAPL_local (AAPL) → file://data/AAPL.csv
2025-07-29 17:34:57 [WARNING] import_AAPL_local: Antwort sehr klein (87 Bytes) – Verdacht auf unvollständige Daten.
2025-07-29 17:34:57 [INFO] import_AAPL_local: 1 Datenzeilen empfangen.
2025-07-29 17:34:57 [INFO] Abschluss: import_AAPL_local (AAPL)
2025-07-29 17:34:57 [INFO] Task deaktiviert: import_MSFT_http
2025-07-29 17:34:57 [INFO] Task deaktiviert: import_FAKE_404
2025-07-29 17:34:57 [INFO] ✅ Data-Fetcher abgeschlossen: 3/3 erfolgreich
2025-07-29 17:36:43 [INFO] 🟢 Data-Fetcher gestartet
2025-07-29 17:36:43 [INFO] Starte Abruf: import_AAPL_local (AAPL) → file://data/AAPL.csv
2025-07-29 17:36:43 [WARNING] import_AAPL_local: Antwort sehr klein (87 Bytes) – Verdacht auf unvollständige Daten.
2025-07-29 17:36:43 [INFO] import_AAPL_local: 1 Datenzeilen empfangen.
2025-07-29 17:36:43 [INFO] Abschluss: import_AAPL_local (AAPL)
2025-07-29 17:36:43 [INFO] Task deaktiviert: import_MSFT_http
2025-07-29 17:36:43 [INFO] Task deaktiviert: import_FAKE_404
2025-07-29 17:36:43 [INFO] ✅ Data-Fetcher abgeschlossen: 3/3 erfolgreich
2025-07-29 17:42:34 [INFO] 🟢 Data-Fetcher gestartet
2025-07-29 17:42:34 [INFO] Starte Abruf: import_AAPL_local (AAPL) → file://data/AAPL.csv
2025-07-29 17:42:34 [WARNING] import_AAPL_local: Antwort sehr klein (87 Bytes) – Verdacht auf unvollständige Daten.
2025-07-29 17:42:34 [INFO] import_AAPL_local: 1 Datenzeilen empfangen.
2025-07-29 17:42:34 [INFO] Abschluss: import_AAPL_local (AAPL)
2025-07-29 17:42:34 [INFO] Task deaktiviert: import_MSFT_http
2025-07-29 17:42:34 [INFO] Task deaktiviert: import_FAKE_404
2025-07-29 17:42:34 [INFO] ✅ Data-Fetcher abgeschlossen: 3/3 erfolgreich
2025-07-29 17:45:09 [INFO] 🟢 Data-Fetcher gestartet
2025-07-29 17:45:09 [INFO] Starte Abruf: import_AAPL_local (AAPL) → file://data/AAPL.csv
2025-07-29 17:45:09 [WARNING] import_AAPL_local: Antwort sehr klein (87 Bytes) – Verdacht auf unvollständige Daten.
2025-07-29 17:45:09 [INFO] import_AAPL_local: 1 Datenzeilen empfangen.
2025-07-29 17:45:09 [INFO] Abschluss: import_AAPL_local (AAPL)
2025-07-29 17:45:09 [INFO] Task deaktiviert: import_MSFT_http
2025-07-29 17:45:09 [INFO] Task deaktiviert: import_FAKE_404
2025-07-29 17:45:09 [INFO] ✅ Data-Fetcher abgeschlossen: 3/3 erfolgreich
2025-07-29 17:46:22 [INFO] 🟢 Data-Fetcher gestartet
2025-07-29 17:46:22 [INFO] Starte Abruf: import_AAPL_local (AAPL) → file://data/AAPL.csv
2025-07-29 17:46:22 [WARNING] import_AAPL_local: Antwort sehr klein (87 Bytes) – Verdacht auf unvollständige Daten.
2025-07-29 17:46:22 [INFO] import_AAPL_local: 1 Datenzeilen empfangen.
2025-07-29 17:46:22 [INFO] Abschluss: import_AAPL_local (AAPL)
2025-07-29 17:46:22 [INFO] Task deaktiviert: import_MSFT_http
2025-07-29 17:46:22 [INFO] Task deaktiviert: import_FAKE_404
2025-07-29 17:46:22 [INFO] ✅ Data-Fetcher abgeschlossen: 3/3 erfolgreich
2025-07-29 17:46:41 [INFO] 🟢 Data-Fetcher gestartet
2025-07-29 17:46:41 [INFO] Starte Abruf: import_AAPL_local (AAPL) → file://data/AAPL.csv
2025-07-29 17:46:41 [WARNING] import_AAPL_local: Antwort sehr klein (87 Bytes) – Verdacht auf unvollständige Daten.
2025-07-29 17:46:41 [INFO] import_AAPL_local: 1 Datenzeilen empfangen.
2025-07-29 17:46:41 [INFO] Abschluss: import_AAPL_local (AAPL)
2025-07-29 17:46:41 [INFO] Task deaktiviert: import_MSFT_http
2025-07-29 17:46:41 [INFO] Task deaktiviert: import_FAKE_404
2025-07-29 17:46:41 [INFO] ✅ Data-Fetcher abgeschlossen: 3/3 erfolgreich
2025-07-29 17:46:47 [INFO] 🟢 Data-Fetcher gestartet
2025-07-29 17:46:47 [INFO] Starte Abruf: import_AAPL_local (AAPL) → file://data/AAPL.csv
2025-07-29 17:46:47 [WARNING] import_AAPL_local: Antwort sehr klein (87 Bytes) – Verdacht auf unvollständige Daten.
2025-07-29 17:46:47 [INFO] import_AAPL_local: 1 Datenzeilen empfangen.
2025-07-29 17:46:47 [INFO] Abschluss: import_AAPL_local (AAPL)
2025-07-29 17:46:47 [INFO] Task deaktiviert: import_MSFT_http
2025-07-29 17:46:47 [INFO] Task deaktiviert: import_FAKE_404
2025-07-29 17:46:47 [INFO] ✅ Data-Fetcher abgeschlossen: 3/3 erfolgreich
2025-07-29 17:46:54 [INFO] 🟢 Data-Fetcher gestartet
2025-07-29 17:46:54 [INFO] Starte Abruf: import_AAPL_local (AAPL) → file://data/AAPL.csv
2025-07-29 17:46:54 [WARNING] import_AAPL_local: Antwort sehr klein (87 Bytes) – Verdacht auf unvollständige Daten.
2025-07-29 17:46:54 [INFO] import_AAPL_local: 1 Datenzeilen empfangen.
2025-07-29 17:46:54 [INFO] Abschluss: import_AAPL_local (AAPL)
2025-07-29 17:46:54 [INFO] Task deaktiviert: import_MSFT_http
2025-07-29 17:46:54 [INFO] Task deaktiviert: import_FAKE_404
2025-07-29 17:46:54 [INFO] ✅ Data-Fetcher abgeschlossen: 3/3 erfolgreich
2025-07-29 17:47:49 [INFO] 🟢 Data-Fetcher gestartet
2025-07-29 17:47:49 [INFO] Starte Abruf: import_AAPL_local (AAPL) → file://data/AAPL.csv
2025-07-29 17:47:49 [WARNING] import_AAPL_local: Antwort sehr klein (87 Bytes) – Verdacht auf unvollständige Daten.
2025-07-29 17:47:49 [INFO] import_AAPL_local: 1 Datenzeilen empfangen.
2025-07-29 17:47:49 [INFO] Abschluss: import_AAPL_local (AAPL)
2025-07-29 17:47:49 [INFO] Task deaktiviert: import_MSFT_http
2025-07-29 17:47:49 [INFO] Task deaktiviert: import_FAKE_404
2025-07-29 17:47:49 [INFO] ✅ Data-Fetcher abgeschlossen: 3/3 erfolgreich
2025-07-29 17:58:19 [INFO] 🟢 Data-Fetcher gestartet
2025-07-29 17:58:19 [INFO] Starte Abruf: import_AAPL_local (AAPL) → file://data/AAPL.csv
2025-07-29 17:58:19 [WARNING] import_AAPL_local: Antwort sehr klein (87 Bytes) – Verdacht auf unvollständige Daten.
2025-07-29 17:58:19 [INFO] import_AAPL_local: 1 Datenzeilen empfangen.
2025-07-29 17:58:19 [INFO] Abschluss: import_AAPL_local (AAPL)
2025-07-29 17:58:19 [INFO] Starte Abruf: import_MSFT_http (MSFT) → https://raw.githubusercontent.com/datasets/s-and-p-500-companies/master/data/constituents.csv
2025-07-29 17:58:20 [ERROR] HTTP 404 für https://raw.githubusercontent.com/datasets/s-and-p-500-companies/master/data/constituents.csv
2025-07-29 17:58:20 [ERROR] Abruf fehlgeschlagen: import_MSFT_http (MSFT)
2025-07-29 17:58:20 [INFO] Task deaktiviert: import_FAKE_404
2025-07-29 17:58:20 [INFO] ✅ Data-Fetcher abgeschlossen: 2/3 erfolgreich
