[client_registry] 2025-08-23 02:12:01 [INFO] ✅ client_ids.json geladen
[client_registry] 2025-08-23 02:12:01 [INFO] ✅ client_ids.json geladen
[client_registry] 2025-08-23 02:21:24 [INFO] ✅ client_ids.json geladen
[client_registry] 2025-08-23 02:21:24 [INFO] ✅ client_ids.json geladen
[client_registry] 2025-08-23 02:22:48 [INFO] ✅ client_ids.json geladen
[client_registry] 2025-08-23 02:22:48 [INFO] ✅ client_ids.json geladen
[client_registry] 2025-08-23 02:23:09 [INFO] ✅ client_ids.json geladen
[client_registry] 2025-08-23 02:23:09 [INFO] ✅ client_ids.json geladen
[client_registry] 2025-08-23 02:40:51 [INFO] ✅ client_ids.json geladen
[client_registry] 2025-08-23 02:40:51 [INFO] ✅ client_ids.json geladen
[client_registry] 2025-08-23 12:35:19 [INFO] ✅ client_ids.json geladen
[client_registry] 2025-08-23 12:35:19 [INFO] ✅ client_ids.json geladen
[client_registry] 2025-08-23 13:32:30 [INFO] ✅ client_ids.json geladen
[client_registry] 2025-08-23 13:32:30 [INFO] ✅ client_ids.json geladen
[client_registry] 2025-08-23 13:32:30 [ERROR] ❌ Keine Client-ID für Modul 'fx_probe' gefunden
[client_registry] 2025-08-23 13:34:04 [INFO] ✅ client_ids.json geladen
[client_registry] 2025-08-23 13:34:04 [INFO] ✅ client_ids.json geladen
[client_registry] 2025-08-23 13:34:04 [ERROR] ❌ Keine Client-ID für Modul 'fx_probe' gefunden
[client_registry] 2025-08-23 13:34:05 [ERROR] ❌ Keine Client-ID für Modul 'fx_live' gefunden
[client_registry] 2025-08-23 13:34:51 [INFO] ✅ client_ids.json geladen
[client_registry] 2025-08-23 13:34:51 [INFO] ✅ client_ids.json geladen
[client_registry] 2025-08-23 13:34:51 [ERROR] ❌ Keine Client-ID für Modul 'fx_probe' gefunden
[client_registry] 2025-08-23 13:34:52 [ERROR] ❌ Keine Client-ID für Modul 'fx_live' gefunden
[client_registry] 2025-08-23 13:38:49 [INFO] ✅ client_ids.json geladen
[client_registry] 2025-08-23 13:38:49 [INFO] ✅ client_ids.json geladen
[client_registry] 2025-08-23 13:38:49 [ERROR] ❌ Keine Client-ID für Modul 'fx_probe' gefunden
[client_registry] 2025-08-23 13:38:49 [ERROR] ❌ Keine Client-ID für Modul 'fx_live' gefunden
[client_registry] 2025-08-23 13:43:50 [INFO] ✅ client_ids.json geladen
[client_registry] 2025-08-23 13:43:50 [INFO] ✅ client_ids.json geladen
[client_registry] 2025-08-23 13:43:50 [ERROR] ❌ Keine Client-ID für Modul 'symbol_test' gefunden
[client_registry] 2025-08-23 13:47:23 [INFO] ✅ client_ids.json geladen
[client_registry] 2025-08-23 13:47:23 [INFO] ✅ client_ids.json geladen
[client_registry] 2025-08-23 13:47:23 [ERROR] ❌ Keine Client-ID für Modul 'tester' gefunden
[client_registry] 2025-08-23 13:52:01 [INFO] ✅ client_ids.json geladen
[client_registry] 2025-08-23 13:52:01 [INFO] ✅ client_ids.json geladen
[client_registry] 2025-08-23 13:52:01 [ERROR] ❌ Keine Client-ID für Modul 'availability' gefunden
[client_registry] 2025-08-23 13:52:43 [INFO] ✅ client_ids.json geladen
[client_registry] 2025-08-23 13:52:43 [INFO] ✅ client_ids.json geladen
[client_registry] 2025-08-23 13:52:43 [ERROR] ❌ Keine Client-ID für Modul 'availability' gefunden
[client_registry] 2025-08-23 13:58:59 [INFO] ✅ client_ids.json geladen
[client_registry] 2025-08-23 13:58:59 [INFO] ✅ client_ids.json geladen
[client_registry] 2025-08-23 13:58:59 [ERROR] ❌ Keine Client-ID für Modul 'symbol_checker' gefunden
[client_registry] 2025-08-23 13:59:23 [ERROR] ❌ Keine Client-ID für Modul 'fx_probe' gefunden
[client_registry] 2025-08-23 13:59:27 [INFO] ✅ client_ids.json geladen
[client_registry] 2025-08-23 13:59:27 [INFO] ✅ client_ids.json geladen
[client_registry] 2025-08-23 13:59:53 [ERROR] ❌ Keine Client-ID für Modul 'fx_probe' gefunden
[client_registry] 2025-08-23 14:01:51 [INFO] ✅ client_ids.json geladen
[client_registry] 2025-08-23 14:01:51 [INFO] ✅ client_ids.json geladen
[client_registry] 2025-08-23 14:02:40 [INFO] ✅ client_ids.json geladen
[client_registry] 2025-08-23 14:02:40 [INFO] ✅ client_ids.json geladen
[client_registry] 2025-08-23 14:02:44 [INFO] ✅ client_ids.json geladen
[client_registry] 2025-08-23 14:02:44 [INFO] ✅ client_ids.json geladen
[client_registry] 2025-08-23 14:06:03 [INFO] ✅ client_ids.json geladen
[client_registry] 2025-08-23 14:06:03 [INFO] ✅ client_ids.json geladen
[client_registry] 2025-08-23 14:07:19 [INFO] ✅ client_ids.json geladen
[client_registry] 2025-08-23 14:07:19 [INFO] ✅ client_ids.json geladen
[client_registry] 2025-08-23 14:07:23 [INFO] ✅ client_ids.json geladen
[client_registry] 2025-08-23 14:07:23 [INFO] ✅ client_ids.json geladen
[client_registry] 2025-08-23 14:08:01 [INFO] ✅ client_ids.json geladen
[client_registry] 2025-08-23 14:08:01 [INFO] ✅ client_ids.json geladen
[client_registry] 2025-08-23 23:38:04 [INFO] ✅ client_ids.json geladen
[client_registry] 2025-08-23 23:38:04 [INFO] ✅ client_ids.json geladen
[client_registry] 2025-08-23 23:39:17 [INFO] ✅ client_ids.json geladen
[client_registry] 2025-08-23 23:39:17 [INFO] ✅ client_ids.json geladen
[client_registry] 2025-08-23 23:39:24 [INFO] ✅ client_ids.json geladen
[client_registry] 2025-08-23 23:39:24 [INFO] ✅ client_ids.json geladen
[client_registry] 2025-08-23 23:39:55 [INFO] ✅ client_ids.json geladen
[client_registry] 2025-08-23 23:39:55 [INFO] ✅ client_ids.json geladen
[client_registry] 2025-08-23 23:40:11 [INFO] ✅ client_ids.json geladen
[client_registry] 2025-08-23 23:40:11 [INFO] ✅ client_ids.json geladen
