2025-07-29 02:48:37 [INFO] .env geladen: .env
2025-07-29 02:48:37 [INFO] Konfiguration geladen: config/startup.json
2025-07-29 03:05:06 [INFO] .env geladen: .env
2025-07-29 03:05:06 [INFO] Konfiguration geladen: config/startup.json
2025-07-29 03:12:42 [INFO] .env geladen: .env
2025-07-29 03:12:42 [INFO] Konfiguration geladen: config/startup.json
2025-07-29 03:17:32 [INFO] .env geladen: .env
2025-07-29 03:17:32 [INFO] Konfiguration geladen: config/startup.json
2025-07-29 03:22:18 [INFO] Konfiguration geladen: config/healthcheck_config.json
2025-07-29 03:22:53 [INFO] Konfiguration geladen: config/healthcheck_config.json
2025-07-29 03:26:04 [INFO] .env geladen: .env
2025-07-29 03:26:04 [ERROR] Ungültige JSON-Struktur in config/tasks.json: Expecting value: line 1 column 1 (char 0)
2025-07-29 03:30:42 [INFO] .env geladen: .env
2025-07-29 03:30:42 [INFO] Konfiguration geladen: config/tasks.json
2025-07-29 03:31:57 [INFO] Konfiguration geladen: config/healthcheck_config.json
2025-07-29 15:05:59 [INFO] Konfiguration geladen: config/healthcheck_config.json
2025-07-29 15:10:59 [INFO] Konfiguration geladen: config/healthcheck_config.json
2025-07-29 15:11:48 [INFO] Konfiguration geladen: config/healthcheck_config.json
2025-07-29 15:12:09 [INFO] Konfiguration geladen: config/healthcheck_config.json
2025-07-29 15:15:15 [INFO] .env geladen: .env
2025-07-29 15:15:15 [INFO] Konfiguration geladen: config/healthcheck_config.json
2025-07-29 15:17:03 [INFO] .env geladen: .env
2025-07-29 15:18:12 [INFO] .env geladen: .env
2025-07-29 15:18:12 [INFO] Konfiguration geladen: config/healthcheck_config.json
2025-07-29 15:26:44 [INFO] .env geladen: .env
2025-07-29 15:26:44 [INFO] Konfiguration geladen: config/healthcheck_config.json
2025-07-29 15:27:56 [INFO] .env geladen: .env
2025-07-29 15:27:56 [INFO] Konfiguration geladen: config/healthcheck_config.json
2025-07-29 15:28:51 [INFO] .env geladen: .env
2025-07-29 15:28:51 [INFO] Konfiguration geladen: config/healthcheck_config.json
2025-07-29 15:29:46 [INFO] .env geladen: .env
2025-07-29 15:29:46 [INFO] Konfiguration geladen: config/healthcheck_config.json
2025-07-29 15:33:05 [INFO] .env geladen: .env
2025-07-29 15:33:05 [INFO] Konfiguration geladen: config/healthcheck_config.json
2025-07-29 15:34:17 [INFO] .env geladen: .env
2025-07-29 15:34:17 [INFO] Konfiguration geladen: config/healthcheck_config.json
2025-07-29 15:35:13 [INFO] .env geladen: .env
2025-07-29 15:35:13 [INFO] Konfiguration geladen: config/healthcheck_config.json
2025-07-29 15:36:03 [INFO] .env geladen: .env
2025-07-29 15:36:03 [INFO] Konfiguration geladen: config/startup.json
2025-07-29 15:36:38 [INFO] .env geladen: .env
2025-07-29 15:36:38 [INFO] Konfiguration geladen: config/healthcheck_config.json
2025-07-29 15:36:46 [INFO] .env geladen: .env
2025-07-29 15:36:46 [INFO] Konfiguration geladen: config/startup.json
2025-07-29 15:37:06 [INFO] .env geladen: .env
2025-07-29 15:37:06 [INFO] Konfiguration geladen: config/healthcheck_config.json
2025-07-29 15:37:45 [INFO] .env geladen: .env
2025-07-29 15:37:45 [INFO] Konfiguration geladen: config/healthcheck_config.json
2025-07-29 15:39:52 [INFO] .env geladen: .env
2025-07-29 15:39:52 [INFO] .env geladen: .env
2025-07-29 15:39:52 [INFO] Konfiguration geladen: config/healthcheck_config.json
2025-07-29 15:52:42 [INFO] .env geladen: .env
2025-07-29 15:52:42 [INFO] .env geladen: .env
2025-07-29 15:52:59 [INFO] .env geladen: .env
2025-07-29 15:52:59 [INFO] .env geladen: .env
2025-07-29 15:53:56 [INFO] .env geladen: .env
2025-07-29 15:53:56 [INFO] .env geladen: .env
2025-07-29 15:54:59 [INFO] .env geladen: .env
2025-07-29 15:54:59 [INFO] .env geladen: .env
2025-07-29 15:55:20 [INFO] .env geladen: .env
2025-07-29 15:55:20 [INFO] .env geladen: .env
2025-07-29 15:55:29 [INFO] .env geladen: .env
2025-07-29 15:55:29 [INFO] .env geladen: .env
2025-07-29 15:55:42 [INFO] .env geladen: .env
2025-07-29 15:55:42 [INFO] Konfiguration geladen: config/startup.json
2025-07-29 15:55:42 [INFO] .env geladen: .env
2025-07-29 16:11:08 [INFO] .env geladen: .env
2025-07-29 16:11:08 [INFO] .env geladen: .env
2025-07-29 16:22:17 [INFO] .env geladen: .env
2025-07-29 16:22:17 [INFO] .env geladen: .env
2025-07-29 16:23:47 [INFO] .env geladen: .env
2025-07-29 16:23:47 [INFO] .env geladen: .env
2025-07-29 16:40:38 [INFO] .env geladen: .env
2025-07-29 16:40:38 [INFO] .env geladen: .env
2025-07-29 16:40:38 [INFO] Konfiguration geladen: config/tasks.json
2025-07-29 16:40:54 [INFO] .env geladen: .env
2025-07-29 16:40:54 [INFO] .env geladen: .env
2025-07-29 16:40:54 [INFO] Konfiguration geladen: config/tasks.json
2025-07-29 16:43:48 [INFO] .env geladen: .env
2025-07-29 16:43:48 [INFO] .env geladen: .env
2025-07-29 16:43:48 [INFO] Konfiguration geladen: config/tasks.json
2025-07-29 16:50:09 [INFO] .env geladen: .env
2025-07-29 16:50:09 [INFO] .env geladen: .env
2025-07-29 16:50:09 [INFO] Konfiguration geladen: config/tasks.json
2025-07-29 16:57:57 [INFO] .env geladen: .env
2025-07-29 16:57:57 [INFO] Konfiguration geladen: config/startup.json
2025-07-29 16:57:58 [INFO] .env geladen: .env
2025-07-29 17:02:58 [INFO] .env geladen: .env
2025-07-29 17:02:58 [INFO] Konfiguration geladen: config/startup.json
2025-07-29 17:02:58 [INFO] .env geladen: .env
2025-07-29 17:04:53 [INFO] .env geladen: .env
2025-07-29 17:04:53 [INFO] Konfiguration geladen: config/startup.json
2025-07-29 17:04:53 [INFO] .env geladen: .env
2025-07-29 17:04:53 [INFO] .env geladen: .env
2025-07-29 17:06:27 [INFO] .env geladen: .env
2025-07-29 17:06:27 [INFO] .env geladen: .env
2025-07-29 17:06:27 [INFO] Konfiguration geladen: config/tasks.json
2025-07-29 17:07:43 [INFO] .env geladen: .env
2025-07-29 17:07:43 [INFO] Konfiguration geladen: config/startup.json
2025-07-29 17:07:43 [INFO] .env geladen: .env
2025-07-29 17:12:29 [INFO] .env geladen: .env
2025-07-29 17:12:29 [INFO] Konfiguration geladen: config/startup.json
2025-07-29 17:12:29 [INFO] .env geladen: .env
2025-07-29 17:12:29 [INFO] .env geladen: .env
2025-07-29 17:18:59 [INFO] .env geladen: .env
2025-07-29 17:18:59 [INFO] Konfiguration geladen: config/startup.json
2025-07-29 17:18:59 [INFO] .env geladen: .env
2025-07-29 17:21:58 [INFO] .env geladen: .env
2025-07-29 17:21:58 [INFO] Konfiguration geladen: config/startup.json
2025-07-29 17:21:58 [INFO] .env geladen: .env
2025-07-29 17:22:05 [INFO] .env geladen: .env
2025-07-29 17:22:05 [INFO] Konfiguration geladen: config/startup.json
2025-07-29 17:22:05 [INFO] .env geladen: .env
2025-07-29 17:23:01 [INFO] .env geladen: .env
2025-07-29 17:23:01 [INFO] Konfiguration geladen: config/startup.json
2025-07-29 17:23:01 [INFO] .env geladen: .env
2025-07-29 17:26:16 [INFO] .env geladen: .env
2025-07-29 17:26:16 [INFO] Konfiguration geladen: config/startup.json
2025-07-29 17:26:16 [INFO] .env geladen: .env
2025-07-29 17:26:16 [INFO] .env geladen: .env
2025-07-29 17:28:56 [INFO] .env geladen: .env
2025-07-29 17:28:56 [INFO] .env geladen: .env
2025-07-29 17:28:56 [INFO] Konfiguration geladen: config/tasks.json
2025-07-29 17:31:08 [INFO] .env geladen: .env
2025-07-29 17:31:08 [INFO] Konfiguration geladen: config/startup.json
2025-07-29 17:31:08 [INFO] .env geladen: .env
2025-07-29 17:31:13 [INFO] .env geladen: .env
2025-07-29 17:31:13 [INFO] Konfiguration geladen: config/tasks.json
2025-07-29 17:34:17 [INFO] .env geladen: .env
2025-07-29 17:34:17 [INFO] Konfiguration geladen: config/startup.json
2025-07-29 17:34:17 [INFO] .env geladen: .env
2025-07-29 17:34:20 [INFO] .env geladen: .env
2025-07-29 17:34:20 [INFO] Konfiguration geladen: config/tasks.json
2025-07-29 17:34:54 [INFO] .env geladen: .env
2025-07-29 17:34:54 [INFO] Konfiguration geladen: config/startup.json
2025-07-29 17:34:54 [INFO] .env geladen: .env
2025-07-29 17:34:57 [INFO] .env geladen: .env
2025-07-29 17:34:57 [INFO] Konfiguration geladen: config/tasks.json
2025-07-29 17:36:43 [INFO] .env geladen: .env
2025-07-29 17:36:43 [INFO] Konfiguration geladen: config/startup.json
2025-07-29 17:36:43 [INFO] .env geladen: .env
2025-07-29 17:36:43 [INFO] Konfiguration geladen: config/tasks.json
2025-07-29 17:36:43 [INFO] .env geladen: .env
2025-07-29 17:42:28 [INFO] .env geladen: .env
2025-07-29 17:42:28 [INFO] Konfiguration geladen: config/startup.json
2025-07-29 17:42:28 [INFO] .env geladen: .env
2025-07-29 17:42:34 [INFO] .env geladen: .env
2025-07-29 17:42:34 [INFO] Konfiguration geladen: config/tasks.json
2025-07-29 17:45:09 [INFO] .env geladen: .env
2025-07-29 17:45:09 [INFO] Konfiguration geladen: config/startup.json
2025-07-29 17:45:09 [INFO] .env geladen: .env
2025-07-29 17:45:09 [INFO] .env geladen: .env
2025-07-29 17:45:09 [INFO] Konfiguration geladen: config/tasks.json
2025-07-29 17:46:18 [INFO] .env geladen: .env
2025-07-29 17:46:18 [INFO] Konfiguration geladen: config/startup.json
2025-07-29 17:46:18 [INFO] .env geladen: .env
2025-07-29 17:46:22 [INFO] .env geladen: .env
2025-07-29 17:46:22 [INFO] Konfiguration geladen: config/tasks.json
2025-07-29 17:46:39 [INFO] .env geladen: .env
2025-07-29 17:46:39 [INFO] Konfiguration geladen: config/startup.json
2025-07-29 17:46:39 [INFO] .env geladen: .env
2025-07-29 17:46:41 [INFO] .env geladen: .env
2025-07-29 17:46:41 [INFO] Konfiguration geladen: config/tasks.json
2025-07-29 17:46:42 [INFO] .env geladen: .env
2025-07-29 17:46:42 [INFO] Konfiguration geladen: config/startup.json
2025-07-29 17:46:42 [INFO] .env geladen: .env
2025-07-29 17:46:47 [INFO] .env geladen: .env
2025-07-29 17:46:47 [INFO] Konfiguration geladen: config/tasks.json
2025-07-29 17:46:50 [INFO] .env geladen: .env
2025-07-29 17:46:50 [INFO] Konfiguration geladen: config/startup.json
2025-07-29 17:46:50 [INFO] .env geladen: .env
2025-07-29 17:46:54 [INFO] .env geladen: .env
2025-07-29 17:46:54 [INFO] Konfiguration geladen: config/tasks.json
2025-07-29 17:47:48 [INFO] .env geladen: .env
2025-07-29 17:47:48 [INFO] Konfiguration geladen: config/startup.json
2025-07-29 17:47:48 [INFO] .env geladen: .env
2025-07-29 17:47:49 [INFO] .env geladen: .env
2025-07-29 17:47:49 [INFO] Konfiguration geladen: config/tasks.json
2025-07-29 17:58:16 [INFO] .env geladen: .env
2025-07-29 17:58:16 [INFO] Konfiguration geladen: config/startup.json
2025-07-29 17:58:16 [INFO] .env geladen: .env
2025-07-29 17:58:19 [INFO] .env geladen: .env
2025-07-29 17:58:19 [INFO] Konfiguration geladen: config/tasks.json
