[file_utils] 2025-08-23 02:12:01 [DEBUG] 游닌 JSON geladen: config\client_ids.json
[file_utils] 2025-08-23 02:12:01 [DEBUG] 游닌 JSON geladen: config\client_ids.json
[file_utils] 2025-08-23 02:21:24 [DEBUG] 游닌 JSON geladen: config\client_ids.json
[file_utils] 2025-08-23 02:21:24 [DEBUG] 游닌 JSON geladen: config\client_ids.json
[file_utils] 2025-08-23 02:22:48 [DEBUG] 游닌 JSON geladen: config\client_ids.json
[file_utils] 2025-08-23 02:22:48 [DEBUG] 游닌 JSON geladen: config\client_ids.json
[file_utils] 2025-08-23 02:22:48 [DEBUG] 游닌 JSON geladen: config\active_symbols.json
[file_utils] 2025-08-23 02:22:48 [DEBUG] 游닌 JSON geladen: config\active_symbols.json
[file_utils] 2025-08-23 02:22:48 [DEBUG] 游닌 JSON geladen: config\symbol_tasks.json
[file_utils] 2025-08-23 02:22:48 [DEBUG] 游닌 JSON geladen: config\symbol_availability.json
[file_utils] 2025-08-23 02:22:48 [DEBUG] 游닌 JSON geladen: config\client_ids.json
[file_utils] 2025-08-23 02:22:48 [DEBUG] 游닌 JSON geladen: config\startup.json
[file_utils] 2025-08-23 02:23:09 [DEBUG] 游닌 JSON geladen: config\client_ids.json
[file_utils] 2025-08-23 02:23:09 [DEBUG] 游닌 JSON geladen: config\client_ids.json
[file_utils] 2025-08-23 02:23:09 [DEBUG] 游닌 JSON geladen: config\active_symbols.json
[file_utils] 2025-08-23 02:23:09 [DEBUG] 游닌 JSON geladen: config\active_symbols.json
[file_utils] 2025-08-23 02:23:09 [DEBUG] 游닌 JSON geladen: config\symbol_tasks.json
[file_utils] 2025-08-23 02:23:09 [DEBUG] 游닌 JSON geladen: config\symbol_availability.json
[file_utils] 2025-08-23 02:23:09 [DEBUG] 游닌 JSON geladen: config\client_ids.json
[file_utils] 2025-08-23 02:23:09 [DEBUG] 游닌 JSON geladen: config\startup.json
[file_utils] 2025-08-23 02:40:51 [DEBUG] 游닌 JSON geladen: config\client_ids.json
[file_utils] 2025-08-23 02:40:51 [DEBUG] 游닌 JSON geladen: config\client_ids.json
[file_utils] 2025-08-23 02:40:51 [DEBUG] 游닌 JSON geladen: config\active_symbols.json
[file_utils] 2025-08-23 02:40:51 [DEBUG] 游닌 JSON geladen: config\active_symbols.json
[file_utils] 2025-08-23 02:40:51 [DEBUG] 游닌 JSON geladen: config\symbol_tasks.json
[file_utils] 2025-08-23 02:40:51 [DEBUG] 游닌 JSON geladen: config\symbol_availability.json
[file_utils] 2025-08-23 02:40:51 [DEBUG] 游닌 JSON geladen: config\client_ids.json
[file_utils] 2025-08-23 02:40:51 [DEBUG] 游닌 JSON geladen: config\startup.json
[file_utils] 2025-08-23 12:35:19 [DEBUG] 游닌 JSON geladen: config\client_ids.json
[file_utils] 2025-08-23 12:35:19 [DEBUG] 游닌 JSON geladen: config\client_ids.json
[file_utils] 2025-08-23 13:32:30 [DEBUG] 游닌 JSON geladen: config\client_ids.json
[file_utils] 2025-08-23 13:32:30 [DEBUG] 游닌 JSON geladen: config\client_ids.json
[file_utils] 2025-08-23 13:34:04 [DEBUG] 游닌 JSON geladen: config\client_ids.json
[file_utils] 2025-08-23 13:34:04 [DEBUG] 游닌 JSON geladen: config\client_ids.json
[file_utils] 2025-08-23 13:34:51 [DEBUG] 游닌 JSON geladen: config\client_ids.json
[file_utils] 2025-08-23 13:34:51 [DEBUG] 游닌 JSON geladen: config\client_ids.json
[file_utils] 2025-08-23 13:38:49 [DEBUG] 游닌 JSON geladen: config\client_ids.json
[file_utils] 2025-08-23 13:38:49 [DEBUG] 游닌 JSON geladen: config\client_ids.json
[file_utils] 2025-08-23 13:43:50 [DEBUG] 游닌 JSON geladen: config\client_ids.json
[file_utils] 2025-08-23 13:43:50 [DEBUG] 游닌 JSON geladen: config\client_ids.json
[file_utils] 2025-08-23 13:47:23 [DEBUG] 游닌 JSON geladen: config\client_ids.json
[file_utils] 2025-08-23 13:47:23 [DEBUG] 游닌 JSON geladen: config\client_ids.json
[file_utils] 2025-08-23 13:52:01 [DEBUG] 游닌 JSON geladen: config\client_ids.json
[file_utils] 2025-08-23 13:52:01 [DEBUG] 游닌 JSON geladen: config\client_ids.json
[file_utils] 2025-08-23 13:52:43 [DEBUG] 游닌 JSON geladen: config\client_ids.json
[file_utils] 2025-08-23 13:52:43 [DEBUG] 游닌 JSON geladen: config\client_ids.json
[file_utils] 2025-08-23 13:58:59 [DEBUG] 游닌 JSON geladen: config\client_ids.json
[file_utils] 2025-08-23 13:58:59 [DEBUG] 游닌 JSON geladen: config\client_ids.json
[file_utils] 2025-08-23 13:59:27 [DEBUG] 游닌 JSON geladen: config\client_ids.json
[file_utils] 2025-08-23 13:59:27 [DEBUG] 游닌 JSON geladen: config\client_ids.json
[file_utils] 2025-08-23 14:01:51 [DEBUG] 游닌 JSON geladen: config\client_ids.json
[file_utils] 2025-08-23 14:01:51 [DEBUG] 游닌 JSON geladen: config\client_ids.json
[file_utils] 2025-08-23 14:02:40 [DEBUG] 游닌 JSON geladen: config\client_ids.json
[file_utils] 2025-08-23 14:02:40 [DEBUG] 游닌 JSON geladen: config\client_ids.json
[file_utils] 2025-08-23 14:02:44 [DEBUG] 游닌 JSON geladen: config\client_ids.json
[file_utils] 2025-08-23 14:02:44 [DEBUG] 游닌 JSON geladen: config\client_ids.json
[file_utils] 2025-08-23 14:06:03 [DEBUG] 游닌 JSON geladen: config\client_ids.json
[file_utils] 2025-08-23 14:06:03 [DEBUG] 游닌 JSON geladen: config\client_ids.json
[file_utils] 2025-08-23 14:07:19 [DEBUG] 游닌 JSON geladen: config\client_ids.json
[file_utils] 2025-08-23 14:07:19 [DEBUG] 游닌 JSON geladen: config\client_ids.json
[file_utils] 2025-08-23 14:07:23 [DEBUG] 游닌 JSON geladen: config\client_ids.json
[file_utils] 2025-08-23 14:07:23 [DEBUG] 游닌 JSON geladen: config\client_ids.json
[file_utils] 2025-08-23 14:08:01 [DEBUG] 游닌 JSON geladen: config\client_ids.json
[file_utils] 2025-08-23 14:08:01 [DEBUG] 游닌 JSON geladen: config\client_ids.json
[file_utils] 2025-08-23 23:38:04 [DEBUG] 游닌 JSON geladen: config\client_ids.json
[file_utils] 2025-08-23 23:38:04 [DEBUG] 游닌 JSON geladen: config\client_ids.json
[file_utils] 2025-08-23 23:39:17 [DEBUG] 游닌 JSON geladen: config\client_ids.json
[file_utils] 2025-08-23 23:39:17 [DEBUG] 游닌 JSON geladen: config\client_ids.json
[file_utils] 2025-08-23 23:39:24 [DEBUG] 游닌 JSON geladen: config\client_ids.json
[file_utils] 2025-08-23 23:39:24 [DEBUG] 游닌 JSON geladen: config\client_ids.json
[file_utils] 2025-08-23 23:39:55 [DEBUG] 游닌 JSON geladen: config\client_ids.json
[file_utils] 2025-08-23 23:39:55 [DEBUG] 游닌 JSON geladen: config\client_ids.json
[file_utils] 2025-08-23 23:40:11 [DEBUG] 游닌 JSON geladen: config\client_ids.json
[file_utils] 2025-08-23 23:40:11 [DEBUG] 游닌 JSON geladen: config\client_ids.json
