[file_utils] 2025-08-24 12:05:19 [DEBUG] 游닌 JSON geladen: config/active_symbols.json
[file_utils] 2025-08-24 12:05:19 [DEBUG] 游닌 JSON geladen: config/symbol_tasks.json
[file_utils] 2025-08-24 12:05:19 [DEBUG] 游닌 JSON geladen: config/symbol_availability.json
[file_utils] 2025-08-24 12:05:19 [DEBUG] 游닌 JSON geladen: config/client_ids.json
[file_utils] 2025-08-24 12:05:19 [DEBUG] 游닌 JSON geladen: config/startup.json
[file_utils] 2025-08-24 12:06:58 [DEBUG] 游닌 JSON geladen: config/active_symbols.json
[file_utils] 2025-08-24 12:06:58 [DEBUG] 游닌 JSON geladen: config/symbol_tasks.json
[file_utils] 2025-08-24 12:06:58 [DEBUG] 游닌 JSON geladen: config/symbol_availability.json
[file_utils] 2025-08-24 12:06:58 [DEBUG] 游닌 JSON geladen: config/client_ids.json
[file_utils] 2025-08-24 12:06:58 [DEBUG] 游닌 JSON geladen: config/startup.json
[file_utils] 2025-08-24 12:06:58 [DEBUG] 游닇 Text geschrieben nach: config/symbol_tasks.json
[file_utils] 2025-08-24 12:06:58 [DEBUG] 游닋 JSON gespeichert nach: config/symbol_tasks.json
[file_utils] 2025-08-24 12:07:05 [DEBUG] 游닌 JSON geladen: config/client_ids.json
[file_utils] 2025-08-24 12:07:05 [DEBUG] 游닌 JSON geladen: config/client_ids.json
[file_utils] 2025-08-24 12:07:05 [DEBUG] 游닌 JSON geladen: config/active_symbols.json
[file_utils] 2025-08-24 12:07:05 [DEBUG] 游닌 JSON geladen: config/active_symbols.json
[file_utils] 2025-08-24 12:07:05 [DEBUG] 游닌 JSON geladen: config/symbol_tasks.json
[file_utils] 2025-08-24 12:07:05 [DEBUG] 游닌 JSON geladen: config/symbol_availability.json
[file_utils] 2025-08-24 12:07:05 [DEBUG] 游닌 JSON geladen: config/client_ids.json
[file_utils] 2025-08-24 12:07:05 [DEBUG] 游닌 JSON geladen: config/startup.json
[file_utils] 2025-08-24 12:07:13 [DEBUG] 游닌 JSON geladen: config/active_symbols.json
[file_utils] 2025-08-24 12:07:13 [DEBUG] 游닌 JSON geladen: config/symbol_tasks.json
[file_utils] 2025-08-24 12:07:13 [DEBUG] 游닌 JSON geladen: config/symbol_availability.json
[file_utils] 2025-08-24 12:07:13 [DEBUG] 游닌 JSON geladen: config/client_ids.json
[file_utils] 2025-08-24 12:07:13 [DEBUG] 游닌 JSON geladen: config/startup.json
[file_utils] 2025-08-24 12:07:24 [DEBUG] 游닌 JSON geladen: config/client_ids.json
[file_utils] 2025-08-24 12:07:24 [DEBUG] 游닌 JSON geladen: config/client_ids.json
[file_utils] 2025-08-24 12:07:24 [DEBUG] 游닌 JSON geladen: config/active_symbols.json
[file_utils] 2025-08-24 12:07:43 [DEBUG] 游닌 JSON geladen: config/client_ids.json
[file_utils] 2025-08-24 12:07:43 [DEBUG] 游닌 JSON geladen: config/client_ids.json
[file_utils] 2025-08-24 12:07:43 [DEBUG] 游닌 JSON geladen: config/active_symbols.json
[file_utils] 2025-08-24 12:07:43 [DEBUG] 游닌 JSON geladen: config/active_symbols.json
[file_utils] 2025-08-24 12:07:43 [DEBUG] 游닌 JSON geladen: config/symbol_tasks.json
[file_utils] 2025-08-24 12:07:43 [DEBUG] 游닌 JSON geladen: config/symbol_availability.json
[file_utils] 2025-08-24 12:07:43 [DEBUG] 游닌 JSON geladen: config/client_ids.json
[file_utils] 2025-08-24 12:07:43 [DEBUG] 游닌 JSON geladen: config/startup.json
[file_utils] 2025-08-24 12:07:58 [DEBUG] 游닌 JSON geladen: config/client_ids.json
[file_utils] 2025-08-24 12:07:58 [DEBUG] 游닌 JSON geladen: config/client_ids.json
[file_utils] 2025-08-24 12:07:58 [DEBUG] 游닌 JSON geladen: config/active_symbols.json
[file_utils] 2025-08-24 12:07:58 [DEBUG] 游닌 JSON geladen: config/active_symbols.json
[file_utils] 2025-08-24 12:07:58 [DEBUG] 游닌 JSON geladen: config/symbol_tasks.json
[file_utils] 2025-08-24 12:07:58 [DEBUG] 游닌 JSON geladen: config/symbol_availability.json
[file_utils] 2025-08-24 12:07:58 [DEBUG] 游닌 JSON geladen: config/client_ids.json
[file_utils] 2025-08-24 12:07:58 [DEBUG] 游닌 JSON geladen: config/startup.json
[file_utils] 2025-08-24 12:09:03 [DEBUG] 游닌 JSON geladen: config/client_ids.json
[file_utils] 2025-08-24 12:09:03 [DEBUG] 游닌 JSON geladen: config/client_ids.json
[file_utils] 2025-08-24 12:09:03 [DEBUG] 游닌 JSON geladen: config/active_symbols.json
[file_utils] 2025-08-24 12:09:03 [DEBUG] 游닌 JSON geladen: config/active_symbols.json
[file_utils] 2025-08-24 12:09:03 [DEBUG] 游닌 JSON geladen: config/symbol_tasks.json
[file_utils] 2025-08-24 12:09:03 [DEBUG] 游닌 JSON geladen: config/symbol_availability.json
[file_utils] 2025-08-24 12:09:03 [DEBUG] 游닌 JSON geladen: config/client_ids.json
[file_utils] 2025-08-24 12:09:03 [DEBUG] 游닌 JSON geladen: config/startup.json
[file_utils] 2025-08-24 12:09:27 [DEBUG] 游닌 JSON geladen: config/active_symbols.json
[file_utils] 2025-08-24 12:09:27 [DEBUG] 游닌 JSON geladen: config/symbol_tasks.json
[file_utils] 2025-08-24 12:09:27 [DEBUG] 游닌 JSON geladen: config/symbol_availability.json
[file_utils] 2025-08-24 12:09:27 [DEBUG] 游닌 JSON geladen: config/client_ids.json
[file_utils] 2025-08-24 12:09:27 [DEBUG] 游닌 JSON geladen: config/startup.json
[file_utils] 2025-08-24 12:09:28 [DEBUG] 游닌 JSON geladen: config/client_ids.json
[file_utils] 2025-08-24 12:09:28 [DEBUG] 游닌 JSON geladen: config/client_ids.json
[file_utils] 2025-08-24 12:09:28 [DEBUG] 游닌 JSON geladen: config/active_symbols.json
[file_utils] 2025-08-24 12:09:28 [DEBUG] 游닌 JSON geladen: config/active_symbols.json
[file_utils] 2025-08-24 12:09:28 [DEBUG] 游닌 JSON geladen: config/symbol_tasks.json
[file_utils] 2025-08-24 12:09:28 [DEBUG] 游닌 JSON geladen: config/symbol_availability.json
[file_utils] 2025-08-24 12:09:28 [DEBUG] 游닌 JSON geladen: config/client_ids.json
[file_utils] 2025-08-24 12:09:28 [DEBUG] 游닌 JSON geladen: config/startup.json
[file_utils] 2025-08-24 17:41:18 [DEBUG] 游닌 JSON geladen: config\client_ids.json
[file_utils] 2025-08-24 17:41:18 [DEBUG] 游닌 JSON geladen: config\client_ids.json
[file_utils] 2025-08-24 17:43:19 [DEBUG] 游닌 JSON geladen: config\client_ids.json
[file_utils] 2025-08-24 17:43:19 [DEBUG] 游닌 JSON geladen: config\client_ids.json
[file_utils] 2025-08-24 18:19:08 [DEBUG] 游닌 JSON geladen: config\client_ids.json
[file_utils] 2025-08-24 18:19:08 [DEBUG] 游닌 JSON geladen: config\client_ids.json
[file_utils] 2025-08-24 18:21:42 [DEBUG] 游닌 JSON geladen: config\client_ids.json
[file_utils] 2025-08-24 18:21:42 [DEBUG] 游닌 JSON geladen: config\client_ids.json
[file_utils] 2025-08-24 18:27:22 [DEBUG] 游닌 JSON geladen: config\client_ids.json
[file_utils] 2025-08-24 18:27:22 [DEBUG] 游닌 JSON geladen: config\client_ids.json
[file_utils] 2025-08-24 18:34:31 [DEBUG] 游닌 JSON geladen: config\client_ids.json
[file_utils] 2025-08-24 18:34:31 [DEBUG] 游닌 JSON geladen: config\client_ids.json
[file_utils] 2025-08-24 18:34:57 [DEBUG] 游닌 JSON geladen: config\client_ids.json
[file_utils] 2025-08-24 18:34:57 [DEBUG] 游닌 JSON geladen: config\client_ids.json
[file_utils] 2025-08-24 18:35:51 [DEBUG] 游닌 JSON geladen: config\client_ids.json
[file_utils] 2025-08-24 18:35:51 [DEBUG] 游닌 JSON geladen: config\client_ids.json
[file_utils] 2025-08-24 18:43:26 [DEBUG] 游닌 JSON geladen: config\client_ids.json
[file_utils] 2025-08-24 18:43:26 [DEBUG] 游닌 JSON geladen: config\client_ids.json
[file_utils] 2025-08-24 18:45:53 [DEBUG] 游닌 JSON geladen: config\client_ids.json
[file_utils] 2025-08-24 18:45:53 [DEBUG] 游닌 JSON geladen: config\client_ids.json
[file_utils] 2025-08-24 18:52:43 [DEBUG] 游닌 JSON geladen: config\client_ids.json
[file_utils] 2025-08-24 18:52:43 [DEBUG] 游닌 JSON geladen: config\client_ids.json
